<?xml version="1.0" encoding="UTF-8"?>
<testsuite name="login" tests="1" skipped="0" failures="1" errors="0" timestamp="2022-09-07T19:24:12" hostname="DESKTOP-Q5H3KMR" time="0.694">
  <properties/>
  <testcase name="login successfull" classname="login" time="0.694">
    <failure message="net.serenitybdd.screenplay.actors.NoStageException: No stage available - it looks like you haven't called the setTheStage() method before calling this one." type="net.serenitybdd.screenplay.actors.NoStageException">net.serenitybdd.screenplay.actors.NoStageException: No stage available - it looks like you haven't called the setTheStage() method before calling this one.
	at app//net.serenitybdd.screenplay.actors.OnStage.stage(OnStage.java:75)
	at app//net.serenitybdd.screenplay.actors.OnStage.theActorInTheSpotlight(OnStage.java:63)
	at app//co.com.sena.stepsdefinitions.LoginStepDefinitions.heUserIsOnThePage(LoginStepDefinitions.java:32)
	at âœ½.he user is on the page(file:///C:/Users/Admin/Documents/automatizacion%20kmila/Bon-bonite/src/test/resources/features/login.feature:4)
</failure>
  </testcase>
  <system-out><![CDATA[]]></system-out>
  <system-err><![CDATA[[Test worker] INFO io.cucumber.core.plugin.SerenityReporter - Running feature from file:///C:/Users/Admin/Documents/automatizacion%20kmila/Bon-bonite/src/test/resources/features/login.feature
[Test worker] INFO  - 
  _____   ___   ___   _____     ___   _____     _     ___   _____   ___   ___  
 |_   _| | __| / __| |_   _|   / __| |_   _|   /_\   | _ \ |_   _| | __| |   \ 
   | |   | _|  \__ \   | |     \__ \   | |    / _ \  |   /   | |   | _|  | |) |
   |_|   |___| |___/   |_|     |___/   |_|   /_/ \_\ |_|_\   |_|   |___| |___/ 

login successfull(login;login-successfull)
--------------------------------------------------------------------------------
[Test worker] ERROR  - 
  _____   ___   ___   _____     ___   ___   ___    ___    ___ 
 |_   _| | __| / __| |_   _|   | __| | _ \ | _ \  / _ \  | _ \
   | |   | _|  \__ \   | |     | _|  |   / |   / | (_) | |   /
   |_|   |___| |___/   |_|     |___| |_|_\ |_|_\  \___/  |_|_\

login successfull
---------------------------------------------------------------
[Test worker] ERROR  -     Test failed at step: Given he user is on the page
[Test worker] ERROR  -     No stage available - it looks like you haven't called the setTheStage() method before calling this one.
]]></system-err>
</testsuite>
