<?xml version="1.0" encoding="UTF-8"?>
<testsuite name="Login" tests="1" skipped="0" failures="1" errors="0" timestamp="2022-08-26T16:42:38" hostname="DESKTOP-Q5H3KMR" time="1.181">
  <properties/>
  <testcase name="Login Successful" classname="Login" time="1.181">
    <failure message="net.serenitybdd.screenplay.actors.NoStageException: No stage available - it looks like you haven't called the setTheStage() method before calling this one." type="net.serenitybdd.screenplay.actors.NoStageException">net.serenitybdd.screenplay.actors.NoStageException: No stage available - it looks like you haven't called the setTheStage() method before calling this one.
	at net.serenitybdd.screenplay.actors.OnStage.lambda$stage$0(OnStage.java:70)
	at java.base/java.util.Optional.orElseThrow(Optional.java:403)
	at net.serenitybdd.screenplay.actors.OnStage.stage(OnStage.java:70)
	at net.serenitybdd.screenplay.actors.OnStage.theActorInTheSpotlight(OnStage.java:58)
	at com.co.senasoft.stepsdefinitions.LoginStepDefinition.heUserIsOnThePage(LoginStepDefinition.java:37)
	at âœ½.He user is on the page(file:///C:/Users/Admin/Downloads/screenplaysenasoft/src/test/resources/features/login.feature:5)
</failure>
  </testcase>
  <system-out><![CDATA[Step argument class io.cucumber.core.gherkin.messages.GherkinMessagesDataTableArgument
]]></system-out>
  <system-err><![CDATA[[Test worker] INFO io.cucumber.core.plugin.SerenityReporter - Running feature from file:///C:/Users/Admin/Downloads/screenplaysenasoft/src/test/resources/features/login.feature
[Test worker] WARN io.cucumber.core.plugin.SerenityReporter - Feature from file:///C:/Users/Admin/Downloads/screenplaysenasoft/src/test/resources/features/login.feature is not under the 'features' directory. Requirements report will not be correctly generated!
[Test worker] INFO  - 
 _____ _____ ____ _____   ____ _____  _    ____ _____ _____ ____  
|_   _| ____/ ___|_   _| / ___|_   _|/ \  |  _ \_   _| ____|  _ \ 
  | | |  _| \___ \ | |   \___ \ | | / _ \ | |_) || | |  _| | | | |
  | | | |___ ___) || |    ___) || |/ ___ \|  _ < | | | |___| |_| |
  |_| |_____|____/ |_|   |____/ |_/_/   \_\_| \_\|_| |_____|____/ 

Login Successful(login;login-successful)
-------------------------------------------------------------------
[Test worker] ERROR  - 
         __  _____ _____ ____ _____   _____ ____  ____   ___  ____  
 _      / / |_   _| ____/ ___|_   _| | ____|  _ \|  _ \ / _ \|  _ \ 
(_)____| |    | | |  _| \___ \ | |   |  _| | |_) | |_) | | | | |_) |
 |_____| |    | | | |___ ___) || |   | |___|  _ <|  _ <| |_| |  _ < 
(_)    | |    |_| |_____|____/ |_|   |_____|_| \_\_| \_\\___/|_| \_\
        \_\                                                         

Login Successful
---------------------------------------------------------------------
[Test worker] ERROR  -     Test failed at step: Given He user is on the page
[Test worker] ERROR  -     No stage available - it looks like you haven't called the setTheStage() method before calling this one.
]]></system-err>
</testsuite>
