<?xml version="1.0" encoding="UTF-8"?><testsuite errors="1" failures="0" name="add product" skipped="0" tests="1" time="3.53" timestamp="2022-10-11 11:52:52"><testcase name="add product"><error message="Could not instantiate class org.openqa.selenium.chrome.ChromeDriver" type="net.thucydides.core.webdriver.DriverConfigurationError">Could not instantiate class org.openqa.selenium.chrome.ChromeDriver</error><system-err>Could not instantiate class org.openqa.selenium.chrome.ChromeDriver&#13;
com.co.serenity.stepsdefinitions.AddStepDefinition.setUp(AddStepDefinition.java:34)&#13;
io.cucumber.java.Invoker.doInvoke(Invoker.java:66)&#13;
io.cucumber.java.Invoker.invoke(Invoker.java:24)&#13;
io.cucumber.java.AbstractGlueDefinition.invokeMethod(AbstractGlueDefinition.java:47)&#13;
io.cucumber.java.JavaHookDefinition.execute(JavaHookDefinition.java:59)&#13;
io.cucumber.core.runner.CoreHookDefinition.execute(CoreHookDefinition.java:46)&#13;
io.cucumber.core.runner.HookDefinitionMatch.runStep(HookDefinitionMatch.java:21)&#13;
io.cucumber.core.runner.TestStep.executeStep(TestStep.java:92)&#13;
io.cucumber.core.runner.TestStep.run(TestStep.java:63)&#13;
io.cucumber.core.runner.TestCase.run(TestCase.java:95)&#13;
io.cucumber.core.runner.Runner.runPickle(Runner.java:71)&#13;
io.cucumber.junit.FeatureRunner.runChild(FeatureRunner.java:135)&#13;
io.cucumber.junit.FeatureRunner.runChild(FeatureRunner.java:27)&#13;
io.cucumber.junit.CucumberSerenityRunner.runChild(CucumberSerenityRunner.java:234)&#13;
io.cucumber.junit.CucumberSerenityRunner.runChild(CucumberSerenityRunner.java:57)&#13;
</system-err></testcase></testsuite>